<?xml version="1.0" encoding="UTF-8"?>
<!-- Generated by org.testng.reporters.JUnitReportReporter -->
<testsuite skipped="0" hostname="VishalKumar-Ja" name="com.udemy.selenium.assignments.Code_138_TestNG" tests="3" failures="0" timestamp="30 Jul 2020 18:13:14 GMT" time="0.009" errors="0">
  <testcase name="OpeningBrowser" time="0.002" classname="com.udemy.selenium.assignments.Code_138_TestNG"/>
  <testcase name="FlightCancel" time="0.002" classname="com.udemy.selenium.assignments.Code_138_TestNG"/>
  <testcase name="FlightBooking" time="0.005" classname="com.udemy.selenium.assignments.Code_138_TestNG"/>
</testsuite> <!-- com.udemy.selenium.assignments.Code_138_TestNG -->
