<?xml version="1.0" encoding="UTF-8"?>
<!-- Generated by org.testng.reporters.JUnitReportReporter -->
<testsuite skipped="0" hostname="VishalKumar-Ja" name="com.udemy.selenium.assignments.Code_168_ExtentReport" tests="1" failures="0" timestamp="31 Jul 2020 08:45:54 GMT" time="9.556" errors="0">
  <testcase name="initialDemo" time="9.556" classname="com.udemy.selenium.assignments.Code_168_ExtentReport"/>
</testsuite> <!-- com.udemy.selenium.assignments.Code_168_ExtentReport -->
